2026-02-15 08:17:57,364 CRIT Supervisor is running as root.  Privileges were not dropped because no user is specified in the config file.  If you intend to run as root, you can set user=root in the config file to avoid this message.
2026-02-15 08:17:57,377 INFO supervisord started with pid 1
2026-02-15 08:17:58,381 INFO spawned: 'nginx' with pid 7
2026-02-15 08:17:58,387 INFO spawned: 'php-fpm' with pid 8
2026-02-15 08:17:59,465 INFO success: nginx entered RUNNING state, process has stayed up for > than 1 seconds (startsecs)
2026-02-15 08:17:59,466 INFO success: php-fpm entered RUNNING state, process has stayed up for > than 1 seconds (startsecs)
2026-02-15 09:16:46,274 CRIT Supervisor is running as root.  Privileges were not dropped because no user is specified in the config file.  If you intend to run as root, you can set user=root in the config file to avoid this message.
2026-02-15 09:16:46,283 INFO supervisord started with pid 1
2026-02-15 09:16:47,289 INFO spawned: 'nginx' with pid 7
2026-02-15 09:16:47,294 INFO spawned: 'php-fpm' with pid 8
2026-02-15 09:16:48,423 INFO success: nginx entered RUNNING state, process has stayed up for > than 1 seconds (startsecs)
2026-02-15 09:16:48,424 INFO success: php-fpm entered RUNNING state, process has stayed up for > than 1 seconds (startsecs)
2026-02-15 09:22:29,738 WARN received SIGQUIT indicating exit request
2026-02-15 09:22:29,739 INFO waiting for nginx, php-fpm to die
2026-02-15 09:22:29,746 INFO stopped: php-fpm (exit status 0)
2026-02-15 09:22:29,816 INFO stopped: nginx (exit status 0)
2026-02-15 09:22:31,522 CRIT Supervisor is running as root.  Privileges were not dropped because no user is specified in the config file.  If you intend to run as root, you can set user=root in the config file to avoid this message.
2026-02-15 09:22:31,528 INFO supervisord started with pid 1
2026-02-15 09:22:32,532 INFO spawned: 'nginx' with pid 7
2026-02-15 09:22:32,537 INFO spawned: 'php-fpm' with pid 8
2026-02-15 09:22:33,594 INFO success: nginx entered RUNNING state, process has stayed up for > than 1 seconds (startsecs)
2026-02-15 09:22:33,594 INFO success: php-fpm entered RUNNING state, process has stayed up for > than 1 seconds (startsecs)
2026-02-15 09:25:05,768 WARN received SIGQUIT indicating exit request
2026-02-15 09:25:05,769 INFO waiting for nginx, php-fpm to die
2026-02-15 09:25:05,775 INFO stopped: php-fpm (exit status 0)
2026-02-15 09:25:05,849 INFO stopped: nginx (exit status 0)
2026-02-15 09:25:07,434 CRIT Supervisor is running as root.  Privileges were not dropped because no user is specified in the config file.  If you intend to run as root, you can set user=root in the config file to avoid this message.
2026-02-15 09:25:07,441 INFO supervisord started with pid 1
2026-02-15 09:25:08,444 INFO spawned: 'nginx' with pid 7
2026-02-15 09:25:08,446 INFO spawned: 'php-fpm' with pid 8
2026-02-15 09:25:09,493 INFO success: nginx entered RUNNING state, process has stayed up for > than 1 seconds (startsecs)
2026-02-15 09:25:09,494 INFO success: php-fpm entered RUNNING state, process has stayed up for > than 1 seconds (startsecs)
2026-02-15 10:13:41,038 WARN received SIGQUIT indicating exit request
2026-02-15 10:13:41,047 INFO waiting for nginx, php-fpm to die
2026-02-15 10:13:41,092 INFO stopped: php-fpm (exit status 0)
2026-02-15 10:13:43,751 CRIT Supervisor is running as root.  Privileges were not dropped because no user is specified in the config file.  If you intend to run as root, you can set user=root in the config file to avoid this message.
2026-02-15 10:13:43,751 CRIT Supervisor is running as root.  Privileges were not dropped because no user is specified in the config file.  If you intend to run as root, you can set user=root in the config file to avoid this message.
2026-02-15 10:13:43,765 INFO supervisord started with pid 1
2026-02-15 10:13:43,766 INFO supervisord started with pid 1
2026-02-15 10:13:44,770 INFO spawned: 'nginx' with pid 7
2026-02-15 10:13:44,772 INFO spawned: 'nginx' with pid 7
2026-02-15 10:13:44,775 INFO spawned: 'php-fpm' with pid 8
2026-02-15 10:13:44,776 INFO spawned: 'php-fpm' with pid 8
2026-02-15 10:13:45,845 INFO success: nginx entered RUNNING state, process has stayed up for > than 1 seconds (startsecs)
2026-02-15 10:13:45,846 INFO success: nginx entered RUNNING state, process has stayed up for > than 1 seconds (startsecs)
2026-02-15 10:13:45,847 INFO success: php-fpm entered RUNNING state, process has stayed up for > than 1 seconds (startsecs)
2026-02-15 10:13:45,847 INFO success: php-fpm entered RUNNING state, process has stayed up for > than 1 seconds (startsecs)
2026-02-15 13:21:07,222 WARN received SIGQUIT indicating exit request
2026-02-15 13:21:07,243 INFO waiting for nginx, php-fpm to die
2026-02-15 13:21:07,354 INFO stopped: php-fpm (exit status 0)
2026-02-15 13:21:07,478 INFO stopped: nginx (exit status 0)
2026-02-15 13:21:09,652 CRIT Supervisor is running as root.  Privileges were not dropped because no user is specified in the config file.  If you intend to run as root, you can set user=root in the config file to avoid this message.
2026-02-15 13:21:09,661 INFO supervisord started with pid 1
2026-02-15 13:21:10,667 INFO spawned: 'nginx' with pid 8
2026-02-15 13:21:10,671 INFO spawned: 'php-fpm' with pid 9
2026-02-15 13:21:12,064 INFO success: nginx entered RUNNING state, process has stayed up for > than 1 seconds (startsecs)
2026-02-15 13:21:12,065 INFO success: php-fpm entered RUNNING state, process has stayed up for > than 1 seconds (startsecs)
2026-02-15 13:23:29,914 CRIT Supervisor is running as root.  Privileges were not dropped because no user is specified in the config file.  If you intend to run as root, you can set user=root in the config file to avoid this message.
2026-02-15 13:23:29,923 INFO supervisord started with pid 1
2026-02-15 13:23:30,175 CRIT Supervisor is running as root.  Privileges were not dropped because no user is specified in the config file.  If you intend to run as root, you can set user=root in the config file to avoid this message.
2026-02-15 13:23:30,184 INFO supervisord started with pid 1
2026-02-15 13:23:30,926 INFO spawned: 'nginx' with pid 8
2026-02-15 13:23:30,931 INFO spawned: 'php-fpm' with pid 9
2026-02-15 13:23:31,190 INFO spawned: 'nginx' with pid 7
2026-02-15 13:23:31,192 INFO spawned: 'php-fpm' with pid 8
2026-02-15 13:23:31,995 INFO success: nginx entered RUNNING state, process has stayed up for > than 1 seconds (startsecs)
2026-02-15 13:23:31,996 INFO success: php-fpm entered RUNNING state, process has stayed up for > than 1 seconds (startsecs)
2026-02-15 13:23:32,239 INFO success: nginx entered RUNNING state, process has stayed up for > than 1 seconds (startsecs)
2026-02-15 13:23:32,240 INFO success: php-fpm entered RUNNING state, process has stayed up for > than 1 seconds (startsecs)
